<?xml version="1.0" encoding="UTF-8"?>
<testsuite xmlns:xsi="http://www.w3.org/2001/XMLSchema-instance" xsi:noNamespaceSchemaLocation="https://maven.apache.org/surefire/maven-surefire-plugin/xsd/surefire-test-report.xsd" name="mflix.api.daos.MigrationTest" time="6.112" tests="2" errors="0" skipped="0" failures="2">
  <properties>
[...]
</properties>
  <testcase name="testAllDocumentsIMDBRatingNumber" classname="mflix.api.daos.MigrationTest" time="3.175">
    <failure message="Should not find documents where `imdb.rating` is of not of `number` type expected:&lt;0&gt; but was:&lt;61&gt;" type="java.lang.AssertionError"><![CDATA[java.lang.AssertionError: Should not find documents where `imdb.rating` is of not of `number` type expected:<0> but was:<61>
	at mflix.api.daos.MigrationTest.testAllDocumentsIMDBRatingNumber(MigrationTest.java:42)
]]></failure>
    <system-out><![CDATA[2021-01-09 13:01:07.328  INFO 19220 --- [           main] org.mongodb.driver.cluster               : Cluster created with settings {hosts=[realmcluster-shard-00-01.yoydx.mongodb.net:27017, realmcluster-shard-00-00.yoydx.mongodb.net:27017, realmcluster-shard-00-02.yoydx.mongodb.net:27017], mode=MULTIPLE, requiredClusterType=REPLICA_SET, serverSelectionTimeout='30000 ms', maxWaitQueueSize=500, requiredReplicaSetName='atlas-go3wdy-shard-0'}
2021-01-09 13:01:07.328  INFO 19220 --- [           main] org.mongodb.driver.cluster               : Adding discovered server realmcluster-shard-00-01.yoydx.mongodb.net:27017 to client view of cluster
2021-01-09 13:01:07.329  INFO 19220 --- [           main] org.mongodb.driver.cluster               : Adding discovered server realmcluster-shard-00-00.yoydx.mongodb.net:27017 to client view of cluster
2021-01-09 13:01:07.329  INFO 19220 --- [           main] org.mongodb.driver.cluster               : Adding discovered server realmcluster-shard-00-02.yoydx.mongodb.net:27017 to client view of cluster
2021-01-09 13:01:07.331  INFO 19220 --- [           main] org.mongodb.driver.cluster               : No server chosen by com.mongodb.client.internal.MongoClientDelegate$1@3487442d from cluster description ClusterDescription{type=REPLICA_SET, connectionMode=MULTIPLE, serverDescriptions=[ServerDescription{address=realmcluster-shard-00-02.yoydx.mongodb.net:27017, type=UNKNOWN, state=CONNECTING}, ServerDescription{address=realmcluster-shard-00-00.yoydx.mongodb.net:27017, type=UNKNOWN, state=CONNECTING}, ServerDescription{address=realmcluster-shard-00-01.yoydx.mongodb.net:27017, type=UNKNOWN, state=CONNECTING}]}. Waiting for 30000 ms before timing out
2021-01-09 13:01:08.035  INFO 19220 --- [ngodb.net:27017] org.mongodb.driver.connection            : Opened connection [connectionId{localValue:14, serverValue:27830}] to realmcluster-shard-00-00.yoydx.mongodb.net:27017
2021-01-09 13:01:08.069  INFO 19220 --- [ngodb.net:27017] org.mongodb.driver.connection            : Opened connection [connectionId{localValue:15, serverValue:39618}] to realmcluster-shard-00-02.yoydx.mongodb.net:27017
2021-01-09 13:01:08.174  INFO 19220 --- [ngodb.net:27017] org.mongodb.driver.cluster               : Monitor thread successfully connected to server with description ServerDescription{address=realmcluster-shard-00-00.yoydx.mongodb.net:27017, type=REPLICA_SET_SECONDARY, state=CONNECTED, ok=true, version=ServerVersion{versionList=[4, 4, 3]}, minWireVersion=0, maxWireVersion=9, maxDocumentSize=16777216, logicalSessionTimeoutMinutes=30, roundTripTimeNanos=138474700, setName='atlas-go3wdy-shard-0', canonicalAddress=realmcluster-shard-00-00.yoydx.mongodb.net:27017, hosts=[realmcluster-shard-00-00.yoydx.mongodb.net:27017, realmcluster-shard-00-01.yoydx.mongodb.net:27017, realmcluster-shard-00-02.yoydx.mongodb.net:27017], passives=[], arbiters=[], primary='realmcluster-shard-00-01.yoydx.mongodb.net:27017', tagSet=TagSet{[Tag{name='provider', value='AWS'}, Tag{name='workloadType', value='OPERATIONAL'}, Tag{name='nodeType', value='ELECTABLE'}, Tag{name='region', value='US_EAST_1'}]}, electionId=null, setVersion=1, lastWriteDate=Sat Jan 09 13:01:06 IST 2021, lastUpdateTimeNanos=14068271513000}
2021-01-09 13:01:08.175  INFO 19220 --- [           main] org.mongodb.driver.cluster               : No server chosen by ReadPreferenceServerSelector{readPreference=primary} from cluster description ClusterDescription{type=REPLICA_SET, connectionMode=MULTIPLE, serverDescriptions=[ServerDescription{address=realmcluster-shard-00-02.yoydx.mongodb.net:27017, type=UNKNOWN, state=CONNECTING}, ServerDescription{address=realmcluster-shard-00-00.yoydx.mongodb.net:27017, type=REPLICA_SET_SECONDARY, state=CONNECTED, ok=true, version=ServerVersion{versionList=[4, 4, 3]}, minWireVersion=0, maxWireVersion=9, maxDocumentSize=16777216, logicalSessionTimeoutMinutes=30, roundTripTimeNanos=138474700, setName='atlas-go3wdy-shard-0', canonicalAddress=realmcluster-shard-00-00.yoydx.mongodb.net:27017, hosts=[realmcluster-shard-00-00.yoydx.mongodb.net:27017, realmcluster-shard-00-01.yoydx.mongodb.net:27017, realmcluster-shard-00-02.yoydx.mongodb.net:27017], passives=[], arbiters=[], primary='realmcluster-shard-00-01.yoydx.mongodb.net:27017', tagSet=TagSet{[Tag{name='provider', value='AWS'}, Tag{name='workloadType', value='OPERATIONAL'}, Tag{name='nodeType', value='ELECTABLE'}, Tag{name='region', value='US_EAST_1'}]}, electionId=null, setVersion=1, lastWriteDate=Sat Jan 09 13:01:06 IST 2021, lastUpdateTimeNanos=14068271513000}, ServerDescription{address=realmcluster-shard-00-01.yoydx.mongodb.net:27017, type=UNKNOWN, state=CONNECTING}]}. Waiting for 30000 ms before timing out
2021-01-09 13:01:08.223  INFO 19220 --- [ngodb.net:27017] org.mongodb.driver.cluster               : Monitor thread successfully connected to server with description ServerDescription{address=realmcluster-shard-00-02.yoydx.mongodb.net:27017, type=REPLICA_SET_SECONDARY, state=CONNECTED, ok=true, version=ServerVersion{versionList=[4, 4, 3]}, minWireVersion=0, maxWireVersion=9, maxDocumentSize=16777216, logicalSessionTimeoutMinutes=30, roundTripTimeNanos=153857600, setName='atlas-go3wdy-shard-0', canonicalAddress=realmcluster-shard-00-02.yoydx.mongodb.net:27017, hosts=[realmcluster-shard-00-00.yoydx.mongodb.net:27017, realmcluster-shard-00-01.yoydx.mongodb.net:27017, realmcluster-shard-00-02.yoydx.mongodb.net:27017], passives=[], arbiters=[], primary='realmcluster-shard-00-01.yoydx.mongodb.net:27017', tagSet=TagSet{[Tag{name='region', value='US_EAST_1'}, Tag{name='nodeType', value='ELECTABLE'}, Tag{name='workloadType', value='OPERATIONAL'}, Tag{name='provider', value='AWS'}]}, electionId=null, setVersion=1, lastWriteDate=Sat Jan 09 13:01:06 IST 2021, lastUpdateTimeNanos=14068321998400}
2021-01-09 13:01:08.590  INFO 19220 --- [ngodb.net:27017] org.mongodb.driver.connection            : Opened connection [connectionId{localValue:13, serverValue:31692}] to realmcluster-shard-00-01.yoydx.mongodb.net:27017
2021-01-09 13:01:08.814  INFO 19220 --- [ngodb.net:27017] org.mongodb.driver.cluster               : Monitor thread successfully connected to server with description ServerDescription{address=realmcluster-shard-00-00.yoydx.mongodb.net:27017, type=REPLICA_SET_SECONDARY, state=CONNECTED, ok=true, version=ServerVersion{versionList=[4, 4, 3]}, minWireVersion=0, maxWireVersion=9, maxDocumentSize=16777216, logicalSessionTimeoutMinutes=30, roundTripTimeNanos=138455040, setName='atlas-go3wdy-shard-0', canonicalAddress=realmcluster-shard-00-00.yoydx.mongodb.net:27017, hosts=[realmcluster-shard-00-00.yoydx.mongodb.net:27017, realmcluster-shard-00-01.yoydx.mongodb.net:27017, realmcluster-shard-00-02.yoydx.mongodb.net:27017], passives=[], arbiters=[], primary='realmcluster-shard-00-01.yoydx.mongodb.net:27017', tagSet=TagSet{[Tag{name='nodeType', value='ELECTABLE'}, Tag{name='provider', value='AWS'}, Tag{name='workloadType', value='OPERATIONAL'}, Tag{name='region', value='US_EAST_1'}]}, electionId=null, setVersion=1, lastWriteDate=Sat Jan 09 13:01:07 IST 2021, lastUpdateTimeNanos=14068911710600}
2021-01-09 13:01:08.879  INFO 19220 --- [ngodb.net:27017] org.mongodb.driver.cluster               : Monitor thread successfully connected to server with description ServerDescription{address=realmcluster-shard-00-01.yoydx.mongodb.net:27017, type=REPLICA_SET_PRIMARY, state=CONNECTED, ok=true, version=ServerVersion{versionList=[4, 4, 3]}, minWireVersion=0, maxWireVersion=9, maxDocumentSize=16777216, logicalSessionTimeoutMinutes=30, roundTripTimeNanos=288091900, setName='atlas-go3wdy-shard-0', canonicalAddress=realmcluster-shard-00-01.yoydx.mongodb.net:27017, hosts=[realmcluster-shard-00-00.yoydx.mongodb.net:27017, realmcluster-shard-00-01.yoydx.mongodb.net:27017, realmcluster-shard-00-02.yoydx.mongodb.net:27017], passives=[], arbiters=[], primary='realmcluster-shard-00-01.yoydx.mongodb.net:27017', tagSet=TagSet{[Tag{name='region', value='US_EAST_1'}, Tag{name='nodeType', value='ELECTABLE'}, Tag{name='workloadType', value='OPERATIONAL'}, Tag{name='provider', value='AWS'}]}, electionId=7fffffff0000000000000007, setVersion=1, lastWriteDate=Sat Jan 09 13:01:07 IST 2021, lastUpdateTimeNanos=14068976481600}
2021-01-09 13:01:08.879  INFO 19220 --- [ngodb.net:27017] org.mongodb.driver.cluster               : Setting max election id to 7fffffff0000000000000007 from replica set primary realmcluster-shard-00-01.yoydx.mongodb.net:27017
2021-01-09 13:01:08.879  INFO 19220 --- [ngodb.net:27017] org.mongodb.driver.cluster               : Setting max set version to 1 from replica set primary realmcluster-shard-00-01.yoydx.mongodb.net:27017
2021-01-09 13:01:08.880  INFO 19220 --- [ngodb.net:27017] org.mongodb.driver.cluster               : Discovered replica set primary realmcluster-shard-00-01.yoydx.mongodb.net:27017
2021-01-09 13:01:09.535  INFO 19220 --- [ngodb.net:27017] org.mongodb.driver.cluster               : Monitor thread successfully connected to server with description ServerDescription{address=realmcluster-shard-00-00.yoydx.mongodb.net:27017, type=REPLICA_SET_SECONDARY, state=CONNECTED, ok=true, version=ServerVersion{versionList=[4, 4, 3]}, minWireVersion=0, maxWireVersion=9, maxDocumentSize=16777216, logicalSessionTimeoutMinutes=30, roundTripTimeNanos=138023155, setName='atlas-go3wdy-shard-0', canonicalAddress=realmcluster-shard-00-00.yoydx.mongodb.net:27017, hosts=[realmcluster-shard-00-00.yoydx.mongodb.net:27017, realmcluster-shard-00-01.yoydx.mongodb.net:27017, realmcluster-shard-00-02.yoydx.mongodb.net:27017], passives=[], arbiters=[], primary='realmcluster-shard-00-01.yoydx.mongodb.net:27017', tagSet=TagSet{[Tag{name='nodeType', value='ELECTABLE'}, Tag{name='provider', value='AWS'}, Tag{name='workloadType', value='OPERATIONAL'}, Tag{name='region', value='US_EAST_1'}]}, electionId=null, setVersion=1, lastWriteDate=Sat Jan 09 13:01:08 IST 2021, lastUpdateTimeNanos=14069633876500}
2021-01-09 13:01:09.536  INFO 19220 --- [ngodb.net:27017] org.mongodb.driver.cluster               : Monitor thread successfully connected to server with description ServerDescription{address=realmcluster-shard-00-01.yoydx.mongodb.net:27017, type=REPLICA_SET_PRIMARY, state=CONNECTED, ok=true, version=ServerVersion{versionList=[4, 4, 3]}, minWireVersion=0, maxWireVersion=9, maxDocumentSize=16777216, logicalSessionTimeoutMinutes=30, roundTripTimeNanos=191791128, setName='atlas-go3wdy-shard-0', canonicalAddress=realmcluster-shard-00-01.yoydx.mongodb.net:27017, hosts=[realmcluster-shard-00-00.yoydx.mongodb.net:27017, realmcluster-shard-00-01.yoydx.mongodb.net:27017, realmcluster-shard-00-02.yoydx.mongodb.net:27017], passives=[], arbiters=[], primary='realmcluster-shard-00-01.yoydx.mongodb.net:27017', tagSet=TagSet{[Tag{name='region', value='US_EAST_1'}, Tag{name='provider', value='AWS'}, Tag{name='workloadType', value='OPERATIONAL'}, Tag{name='nodeType', value='ELECTABLE'}]}, electionId=7fffffff0000000000000007, setVersion=1, lastWriteDate=Sat Jan 09 13:01:08 IST 2021, lastUpdateTimeNanos=14069634745500}
2021-01-09 13:01:09.874  INFO 19220 --- [ngodb.net:27017] org.mongodb.driver.cluster               : Monitor thread successfully connected to server with description ServerDescription{address=realmcluster-shard-00-02.yoydx.mongodb.net:27017, type=REPLICA_SET_SECONDARY, state=CONNECTED, ok=true, version=ServerVersion{versionList=[4, 4, 3]}, minWireVersion=0, maxWireVersion=9, maxDocumentSize=16777216, logicalSessionTimeoutMinutes=30, roundTripTimeNanos=161022850, setName='atlas-go3wdy-shard-0', canonicalAddress=realmcluster-shard-00-02.yoydx.mongodb.net:27017, hosts=[realmcluster-shard-00-00.yoydx.mongodb.net:27017, realmcluster-shard-00-01.yoydx.mongodb.net:27017, realmcluster-shard-00-02.yoydx.mongodb.net:27017], passives=[], arbiters=[], primary='realmcluster-shard-00-01.yoydx.mongodb.net:27017', tagSet=TagSet{[Tag{name='region', value='US_EAST_1'}, Tag{name='nodeType', value='ELECTABLE'}, Tag{name='workloadType', value='OPERATIONAL'}, Tag{name='provider', value='AWS'}]}, electionId=null, setVersion=1, lastWriteDate=Sat Jan 09 13:01:08 IST 2021, lastUpdateTimeNanos=14069972035900}
2021-01-09 13:01:10.258  INFO 19220 --- [           main] org.mongodb.driver.connection            : Opened connection [connectionId{localValue:16, serverValue:31884}] to realmcluster-shard-00-01.yoydx.mongodb.net:27017
]]></system-out>
  </testcase>
  <testcase name="testAllDocumentsUpdateDateIsDateType" classname="mflix.api.daos.MigrationTest" time="2.935">
    <failure message="Should not find documents where `lastupdated` is of `string` type expected:&lt;0&gt; but was:&lt;23530&gt;" type="java.lang.AssertionError"><![CDATA[java.lang.AssertionError: Should not find documents where `lastupdated` is of `string` type expected:<0> but was:<23530>
	at mflix.api.daos.MigrationTest.testAllDocumentsUpdateDateIsDateType(MigrationTest.java:31)
]]></failure>
    <system-out><![CDATA[2021-01-09 13:01:10.507  INFO 19220 --- [           main] org.mongodb.driver.cluster               : Cluster created with settings {hosts=[realmcluster-shard-00-00.yoydx.mongodb.net:27017, realmcluster-shard-00-02.yoydx.mongodb.net:27017, realmcluster-shard-00-01.yoydx.mongodb.net:27017], mode=MULTIPLE, requiredClusterType=REPLICA_SET, serverSelectionTimeout='30000 ms', maxWaitQueueSize=500, requiredReplicaSetName='atlas-go3wdy-shard-0'}
2021-01-09 13:01:10.508  INFO 19220 --- [           main] org.mongodb.driver.cluster               : Adding discovered server realmcluster-shard-00-00.yoydx.mongodb.net:27017 to client view of cluster
2021-01-09 13:01:10.508  INFO 19220 --- [           main] org.mongodb.driver.cluster               : Adding discovered server realmcluster-shard-00-02.yoydx.mongodb.net:27017 to client view of cluster
2021-01-09 13:01:10.508  INFO 19220 --- [           main] org.mongodb.driver.cluster               : Adding discovered server realmcluster-shard-00-01.yoydx.mongodb.net:27017 to client view of cluster
2021-01-09 13:01:10.509  INFO 19220 --- [           main] org.mongodb.driver.cluster               : No server chosen by com.mongodb.client.internal.MongoClientDelegate$1@4def7d36 from cluster description ClusterDescription{type=REPLICA_SET, connectionMode=MULTIPLE, serverDescriptions=[ServerDescription{address=realmcluster-shard-00-02.yoydx.mongodb.net:27017, type=UNKNOWN, state=CONNECTING}, ServerDescription{address=realmcluster-shard-00-00.yoydx.mongodb.net:27017, type=UNKNOWN, state=CONNECTING}, ServerDescription{address=realmcluster-shard-00-01.yoydx.mongodb.net:27017, type=UNKNOWN, state=CONNECTING}]}. Waiting for 30000 ms before timing out
2021-01-09 13:01:11.245  INFO 19220 --- [ngodb.net:27017] org.mongodb.driver.connection            : Opened connection [connectionId{localValue:17, serverValue:27653}] to realmcluster-shard-00-00.yoydx.mongodb.net:27017
2021-01-09 13:01:11.281  INFO 19220 --- [ngodb.net:27017] org.mongodb.driver.connection            : Opened connection [connectionId{localValue:18, serverValue:39181}] to realmcluster-shard-00-02.yoydx.mongodb.net:27017
2021-01-09 13:01:11.283  INFO 19220 --- [ngodb.net:27017] org.mongodb.driver.connection            : Opened connection [connectionId{localValue:19, serverValue:32163}] to realmcluster-shard-00-01.yoydx.mongodb.net:27017
2021-01-09 13:01:11.391  INFO 19220 --- [ngodb.net:27017] org.mongodb.driver.cluster               : Monitor thread successfully connected to server with description ServerDescription{address=realmcluster-shard-00-00.yoydx.mongodb.net:27017, type=REPLICA_SET_SECONDARY, state=CONNECTED, ok=true, version=ServerVersion{versionList=[4, 4, 3]}, minWireVersion=0, maxWireVersion=9, maxDocumentSize=16777216, logicalSessionTimeoutMinutes=30, roundTripTimeNanos=144810900, setName='atlas-go3wdy-shard-0', canonicalAddress=realmcluster-shard-00-00.yoydx.mongodb.net:27017, hosts=[realmcluster-shard-00-00.yoydx.mongodb.net:27017, realmcluster-shard-00-01.yoydx.mongodb.net:27017, realmcluster-shard-00-02.yoydx.mongodb.net:27017], passives=[], arbiters=[], primary='realmcluster-shard-00-01.yoydx.mongodb.net:27017', tagSet=TagSet{[Tag{name='provider', value='AWS'}, Tag{name='region', value='US_EAST_1'}, Tag{name='nodeType', value='ELECTABLE'}, Tag{name='workloadType', value='OPERATIONAL'}]}, electionId=null, setVersion=1, lastWriteDate=Sat Jan 09 13:01:10 IST 2021, lastUpdateTimeNanos=14071489151100}
2021-01-09 13:01:11.391  INFO 19220 --- [           main] org.mongodb.driver.cluster               : No server chosen by ReadPreferenceServerSelector{readPreference=primary} from cluster description ClusterDescription{type=REPLICA_SET, connectionMode=MULTIPLE, serverDescriptions=[ServerDescription{address=realmcluster-shard-00-02.yoydx.mongodb.net:27017, type=UNKNOWN, state=CONNECTING}, ServerDescription{address=realmcluster-shard-00-00.yoydx.mongodb.net:27017, type=REPLICA_SET_SECONDARY, state=CONNECTED, ok=true, version=ServerVersion{versionList=[4, 4, 3]}, minWireVersion=0, maxWireVersion=9, maxDocumentSize=16777216, logicalSessionTimeoutMinutes=30, roundTripTimeNanos=144810900, setName='atlas-go3wdy-shard-0', canonicalAddress=realmcluster-shard-00-00.yoydx.mongodb.net:27017, hosts=[realmcluster-shard-00-00.yoydx.mongodb.net:27017, realmcluster-shard-00-01.yoydx.mongodb.net:27017, realmcluster-shard-00-02.yoydx.mongodb.net:27017], passives=[], arbiters=[], primary='realmcluster-shard-00-01.yoydx.mongodb.net:27017', tagSet=TagSet{[Tag{name='provider', value='AWS'}, Tag{name='region', value='US_EAST_1'}, Tag{name='nodeType', value='ELECTABLE'}, Tag{name='workloadType', value='OPERATIONAL'}]}, electionId=null, setVersion=1, lastWriteDate=Sat Jan 09 13:01:10 IST 2021, lastUpdateTimeNanos=14071489151100}, ServerDescription{address=realmcluster-shard-00-01.yoydx.mongodb.net:27017, type=UNKNOWN, state=CONNECTING}]}. Waiting for 30000 ms before timing out
2021-01-09 13:01:11.419  INFO 19220 --- [ngodb.net:27017] org.mongodb.driver.cluster               : Monitor thread successfully connected to server with description ServerDescription{address=realmcluster-shard-00-02.yoydx.mongodb.net:27017, type=REPLICA_SET_SECONDARY, state=CONNECTED, ok=true, version=ServerVersion{versionList=[4, 4, 3]}, minWireVersion=0, maxWireVersion=9, maxDocumentSize=16777216, logicalSessionTimeoutMinutes=30, roundTripTimeNanos=136573100, setName='atlas-go3wdy-shard-0', canonicalAddress=realmcluster-shard-00-02.yoydx.mongodb.net:27017, hosts=[realmcluster-shard-00-00.yoydx.mongodb.net:27017, realmcluster-shard-00-01.yoydx.mongodb.net:27017, realmcluster-shard-00-02.yoydx.mongodb.net:27017], passives=[], arbiters=[], primary='realmcluster-shard-00-01.yoydx.mongodb.net:27017', tagSet=TagSet{[Tag{name='region', value='US_EAST_1'}, Tag{name='nodeType', value='ELECTABLE'}, Tag{name='workloadType', value='OPERATIONAL'}, Tag{name='provider', value='AWS'}]}, electionId=null, setVersion=1, lastWriteDate=Sat Jan 09 13:01:10 IST 2021, lastUpdateTimeNanos=14071516648100}
2021-01-09 13:01:11.570  INFO 19220 --- [ngodb.net:27017] org.mongodb.driver.cluster               : Monitor thread successfully connected to server with description ServerDescription{address=realmcluster-shard-00-01.yoydx.mongodb.net:27017, type=REPLICA_SET_PRIMARY, state=CONNECTED, ok=true, version=ServerVersion{versionList=[4, 4, 3]}, minWireVersion=0, maxWireVersion=9, maxDocumentSize=16777216, logicalSessionTimeoutMinutes=30, roundTripTimeNanos=285740600, setName='atlas-go3wdy-shard-0', canonicalAddress=realmcluster-shard-00-01.yoydx.mongodb.net:27017, hosts=[realmcluster-shard-00-00.yoydx.mongodb.net:27017, realmcluster-shard-00-01.yoydx.mongodb.net:27017, realmcluster-shard-00-02.yoydx.mongodb.net:27017], passives=[], arbiters=[], primary='realmcluster-shard-00-01.yoydx.mongodb.net:27017', tagSet=TagSet{[Tag{name='nodeType', value='ELECTABLE'}, Tag{name='provider', value='AWS'}, Tag{name='region', value='US_EAST_1'}, Tag{name='workloadType', value='OPERATIONAL'}]}, electionId=7fffffff0000000000000007, setVersion=1, lastWriteDate=Sat Jan 09 13:01:10 IST 2021, lastUpdateTimeNanos=14071667957400}
2021-01-09 13:01:11.570  INFO 19220 --- [ngodb.net:27017] org.mongodb.driver.cluster               : Setting max election id to 7fffffff0000000000000007 from replica set primary realmcluster-shard-00-01.yoydx.mongodb.net:27017
2021-01-09 13:01:11.570  INFO 19220 --- [ngodb.net:27017] org.mongodb.driver.cluster               : Setting max set version to 1 from replica set primary realmcluster-shard-00-01.yoydx.mongodb.net:27017
2021-01-09 13:01:11.570  INFO 19220 --- [ngodb.net:27017] org.mongodb.driver.cluster               : Discovered replica set primary realmcluster-shard-00-01.yoydx.mongodb.net:27017
2021-01-09 13:01:12.037  INFO 19220 --- [ngodb.net:27017] org.mongodb.driver.cluster               : Monitor thread successfully connected to server with description ServerDescription{address=realmcluster-shard-00-00.yoydx.mongodb.net:27017, type=REPLICA_SET_SECONDARY, state=CONNECTED, ok=true, version=ServerVersion{versionList=[4, 4, 3]}, minWireVersion=0, maxWireVersion=9, maxDocumentSize=16777216, logicalSessionTimeoutMinutes=30, roundTripTimeNanos=145020720, setName='atlas-go3wdy-shard-0', canonicalAddress=realmcluster-shard-00-00.yoydx.mongodb.net:27017, hosts=[realmcluster-shard-00-00.yoydx.mongodb.net:27017, realmcluster-shard-00-01.yoydx.mongodb.net:27017, realmcluster-shard-00-02.yoydx.mongodb.net:27017], passives=[], arbiters=[], primary='realmcluster-shard-00-01.yoydx.mongodb.net:27017', tagSet=TagSet{[Tag{name='workloadType', value='OPERATIONAL'}, Tag{name='region', value='US_EAST_1'}, Tag{name='nodeType', value='ELECTABLE'}, Tag{name='provider', value='AWS'}]}, electionId=null, setVersion=1, lastWriteDate=Sat Jan 09 13:01:10 IST 2021, lastUpdateTimeNanos=14072134542800}
2021-01-09 13:01:12.753  INFO 19220 --- [ngodb.net:27017] org.mongodb.driver.cluster               : Monitor thread successfully connected to server with description ServerDescription{address=realmcluster-shard-00-01.yoydx.mongodb.net:27017, type=REPLICA_SET_PRIMARY, state=CONNECTED, ok=true, version=ServerVersion{versionList=[4, 4, 3]}, minWireVersion=0, maxWireVersion=9, maxDocumentSize=16777216, logicalSessionTimeoutMinutes=30, roundTripTimeNanos=154979984, setName='atlas-go3wdy-shard-0', canonicalAddress=realmcluster-shard-00-01.yoydx.mongodb.net:27017, hosts=[realmcluster-shard-00-00.yoydx.mongodb.net:27017, realmcluster-shard-00-01.yoydx.mongodb.net:27017, realmcluster-shard-00-02.yoydx.mongodb.net:27017], passives=[], arbiters=[], primary='realmcluster-shard-00-01.yoydx.mongodb.net:27017', tagSet=TagSet{[Tag{name='workloadType', value='OPERATIONAL'}, Tag{name='provider', value='AWS'}, Tag{name='region', value='US_EAST_1'}, Tag{name='nodeType', value='ELECTABLE'}]}, electionId=7fffffff0000000000000007, setVersion=1, lastWriteDate=Sat Jan 09 13:01:11 IST 2021, lastUpdateTimeNanos=14072850728200}
2021-01-09 13:01:13.064  INFO 19220 --- [           main] org.mongodb.driver.connection            : Opened connection [connectionId{localValue:20, serverValue:32103}] to realmcluster-shard-00-01.yoydx.mongodb.net:27017
2021-01-09 13:01:13.172  INFO 19220 --- [ngodb.net:27017] org.mongodb.driver.cluster               : Monitor thread successfully connected to server with description ServerDescription{address=realmcluster-shard-00-00.yoydx.mongodb.net:27017, type=REPLICA_SET_SECONDARY, state=CONNECTED, ok=true, version=ServerVersion{versionList=[4, 4, 3]}, minWireVersion=0, maxWireVersion=9, maxDocumentSize=16777216, logicalSessionTimeoutMinutes=30, roundTripTimeNanos=145778859, setName='atlas-go3wdy-shard-0', canonicalAddress=realmcluster-shard-00-00.yoydx.mongodb.net:27017, hosts=[realmcluster-shard-00-00.yoydx.mongodb.net:27017, realmcluster-shard-00-01.yoydx.mongodb.net:27017, realmcluster-shard-00-02.yoydx.mongodb.net:27017], passives=[], arbiters=[], primary='realmcluster-shard-00-01.yoydx.mongodb.net:27017', tagSet=TagSet{[Tag{name='provider', value='AWS'}, Tag{name='workloadType', value='OPERATIONAL'}, Tag{name='nodeType', value='ELECTABLE'}, Tag{name='region', value='US_EAST_1'}]}, electionId=null, setVersion=1, lastWriteDate=Sat Jan 09 13:01:11 IST 2021, lastUpdateTimeNanos=14073270583700}
2021-01-09 13:01:13.332  INFO 19220 --- [ngodb.net:27017] org.mongodb.driver.cluster               : Monitor thread successfully connected to server with description ServerDescription{address=realmcluster-shard-00-02.yoydx.mongodb.net:27017, type=REPLICA_SET_SECONDARY, state=CONNECTED, ok=true, version=ServerVersion{versionList=[4, 4, 3]}, minWireVersion=0, maxWireVersion=9, maxDocumentSize=16777216, logicalSessionTimeoutMinutes=30, roundTripTimeNanos=158526176, setName='atlas-go3wdy-shard-0', canonicalAddress=realmcluster-shard-00-02.yoydx.mongodb.net:27017, hosts=[realmcluster-shard-00-00.yoydx.mongodb.net:27017, realmcluster-shard-00-01.yoydx.mongodb.net:27017, realmcluster-shard-00-02.yoydx.mongodb.net:27017], passives=[], arbiters=[], primary='realmcluster-shard-00-01.yoydx.mongodb.net:27017', tagSet=TagSet{[Tag{name='nodeType', value='ELECTABLE'}, Tag{name='region', value='US_EAST_1'}, Tag{name='provider', value='AWS'}, Tag{name='workloadType', value='OPERATIONAL'}]}, electionId=null, setVersion=1, lastWriteDate=Sat Jan 09 13:01:11 IST 2021, lastUpdateTimeNanos=14073430598300}
]]></system-out>
  </testcase>
</testsuite>