<?xml version="1.0" encoding="UTF-8"?>
<testsuite xmlns:xsi="http://www.w3.org/2001/XMLSchema-instance" xsi:noNamespaceSchemaLocation="https://maven.apache.org/surefire/maven-surefire-plugin/xsd/surefire-test-report.xsd" name="mflix.api.daos.UserReportTest" time="0.009" tests="1" errors="0" skipped="0" failures="1">
  <properties>
[...]
</properties>
  <testcase name="testMostActiveUserComments" classname="mflix.api.daos.UserReportTest" time="0">
    <failure message="mostActiveComments() should return 20 results expected:&lt;20&gt; but was:&lt;0&gt;" type="java.lang.AssertionError"><![CDATA[java.lang.AssertionError: mostActiveComments() should return 20 results expected:<20> but was:<0>
	at mflix.api.daos.UserReportTest.testMostActiveUserComments(UserReportTest.java:41)
]]></failure>
    <system-out><![CDATA[2021-01-09 13:01:26.692  INFO 19220 --- [           main] .b.t.c.SpringBootTestContextBootstrapper : Neither @ContextConfiguration nor @ContextHierarchy found for test class [mflix.api.daos.UserReportTest], using SpringBootContextLoader
2021-01-09 13:01:26.692  INFO 19220 --- [           main] o.s.t.c.support.AbstractContextLoader    : Could not detect default resource locations for test class [mflix.api.daos.UserReportTest]: no resource found for suffixes {-context.xml, Context.groovy}.
2021-01-09 13:01:26.694  INFO 19220 --- [           main] .b.t.c.SpringBootTestContextBootstrapper : Loaded default TestExecutionListener class names from location [META-INF/spring.factories]: [org.springframework.boot.test.mock.mockito.MockitoTestExecutionListener, org.springframework.boot.test.mock.mockito.ResetMocksTestExecutionListener, org.springframework.boot.test.autoconfigure.restdocs.RestDocsTestExecutionListener, org.springframework.boot.test.autoconfigure.web.client.MockRestServiceServerResetTestExecutionListener, org.springframework.boot.test.autoconfigure.web.servlet.MockMvcPrintOnlyOnFailureTestExecutionListener, org.springframework.boot.test.autoconfigure.web.servlet.WebDriverTestExecutionListener, org.springframework.test.context.web.ServletTestExecutionListener, org.springframework.test.context.support.DirtiesContextBeforeModesTestExecutionListener, org.springframework.test.context.support.DependencyInjectionTestExecutionListener, org.springframework.test.context.support.DirtiesContextTestExecutionListener, org.springframework.test.context.transaction.TransactionalTestExecutionListener, org.springframework.test.context.jdbc.SqlScriptsTestExecutionListener]
2021-01-09 13:01:26.695  INFO 19220 --- [           main] .b.t.c.SpringBootTestContextBootstrapper : Using TestExecutionListeners: [org.springframework.test.context.web.ServletTestExecutionListener@7e94e331, org.springframework.test.context.support.DirtiesContextBeforeModesTestExecutionListener@539fc5d1, org.springframework.boot.test.mock.mockito.MockitoTestExecutionListener@4cae66a8, org.springframework.boot.test.autoconfigure.SpringBootDependencyInjectionTestExecutionListener@60b616c8, org.springframework.test.context.support.DirtiesContextTestExecutionListener@3962ec84, org.springframework.boot.test.mock.mockito.ResetMocksTestExecutionListener@147e0734, org.springframework.boot.test.autoconfigure.restdocs.RestDocsTestExecutionListener@2bdab835, org.springframework.boot.test.autoconfigure.web.client.MockRestServiceServerResetTestExecutionListener@7b8aebd0, org.springframework.boot.test.autoconfigure.web.servlet.MockMvcPrintOnlyOnFailureTestExecutionListener@55222ee9, org.springframework.boot.test.autoconfigure.web.servlet.WebDriverTestExecutionListener@3181d4de]
]]></system-out>
  </testcase>
</testsuite>